<?xml version="1.0" encoding="UTF-8"?>
<!-- Generated by org.testng.reporters.JUnitXMLReporter -->
<testsuite ignored="2" hostname="YASHAWANTH" failures="3" tests="29" name="Surefire test" time="174.842" errors="0" timestamp="2024-11-08T15:14:14 IST">
  <testcase classname="com.crm.comcast.ORG.CreateOrgTest" name="CreateOrgTest" time="0.004"/>
  <testcase classname="com.crm.comcast.ORG.CreateOrgTest" name="CreateOrgwithIndustryTest" time="0.0"/>
  <testcase classname="com.pac1.CraeteContactTest" name="CreateContact" time="0.0"/>
  <testcase classname="com.pac1.CraeteContactTest" name="CreateContactwithDate" time="0.001"/>
  <testcase classname="OwnPracticetest.TestNGThreadCount" name="Create" time="0.944"/>
  <testcase classname="OwnPracticetest.TestNGThreadCount" name="Createorg" time="0.792"/>
  <testcase classname="Practice.hometest.HomepageVerificationTest" name="VerifyLogoHomePageTest" time="6.282"/>
  <testcase classname="Practice.hometest.HomepageVerificationTest" name="homepageTest" time="7.166">
    <failure type="java.lang.AssertionError" message="expected [Home] but found [true]">
      <![CDATA[java.lang.AssertionError: expected [Home] but found [true]
at Practice.hometest.HomepageVerificationTest.homepageTest(HomepageVerificationTest.java:32)
at java.base/java.util.ArrayList.forEach(ArrayList.java:1511)
... Removed 37 stack frames]]>
    </failure>
  </testcase> <!-- homepageTest -->
  <testcase classname="Practice.testng.ContactTest" name="CreateContactTest" time="0.0"/>
  <testcase classname="Practice.testng.ContactTest" name="modifyContactTest" time="0.0"/>
  <testcase classname="Practice.testng.ContactTest" name="deleteContactTest" time="0.001"/>
  <testcase classname="Practice.testng.ContactwithPhonenum_usingDataproviderTest" name="CreateContactTest" time="0.001"/>
  <testcase classname="Practice.testng.ContactwithPhonenum_usingDataproviderTest" name="CreateContactTest" time="0.0"/>
  <testcase classname="Practice.testng.ContactwithPhonenum_usingDataproviderTest" name="CreateContactTest" time="0.0"/>
  <testcase classname="Practice.testng.getProductinfoTest" name="getProductinfo" time="16.986">
    <failure type="org.openqa.selenium.NoSuchElementException" message="no such element: Unable to locate element: {&amp;quot;method&amp;quot;:&amp;quot;css selector&amp;quot;,&amp;quot;selector&amp;quot;:&amp;quot;#twotabsearchtextbox&amp;quot;}
  (Session info: chrome=130.0.6723.117)
For documentation on this error, please visit: https://www.selenium.dev/documentation/webdriver/troubleshooting/errors#no-such-element-exception
Build info: version: &amp;apos;4.11.0&amp;apos;, revision: &amp;apos;040bc5406b&amp;apos;
System info: os.name: &amp;apos;Windows 10&amp;apos;, os.arch: &amp;apos;amd64&amp;apos;, os.version: &amp;apos;10.0&amp;apos;, java.version: &amp;apos;17.0.10&amp;apos;
Driver info: org.openqa.selenium.chrome.ChromeDriver
Command: [39f82ffbb533db8a0c2ecb76b86e0ca8, findElement {using=id, value=twotabsearchtextbox}]
Capabilities {acceptInsecureCerts: false, browserName: chrome, browserVersion: 130.0.6723.117, chrome: {chromedriverVersion: 130.0.6723.116 (6ac35f94ae3..., userDataDir: C:\Users\kmyas\AppData\Loca...}, fedcm:accounts: true, goog:chromeOptions: {debuggerAddress: localhost:52979}, networkConnectionEnabled: false, pageLoadStrategy: normal, platformName: windows, proxy: Proxy(), se:cdp: ws://localhost:52979/devtoo..., se:cdpVersion: 130.0.6723.117, setWindowRect: true, strictFileInteractability: false, timeouts: {implicit: 0, pageLoad: 300000, script: 30000}, unhandledPromptBehavior: dismiss and notify, webauthn:extension:credBlob: true, webauthn:extension:largeBlob: true, webauthn:extension:minPinLength: true, webauthn:extension:prf: true, webauthn:virtualAuthenticators: true}
Session ID: 39f82ffbb533db8a0c2ecb76b86e0ca8">
      <![CDATA[org.openqa.selenium.NoSuchElementException: no such element: Unable to locate element: {"method":"css selector","selector":"#twotabsearchtextbox"}
  (Session info: chrome=130.0.6723.117)
For documentation on this error, please visit: https://www.selenium.dev/documentation/webdriver/troubleshooting/errors#no-such-element-exception
Build info: version: '4.11.0', revision: '040bc5406b'
System info: os.name: 'Windows 10', os.arch: 'amd64', os.version: '10.0', java.version: '17.0.10'
Driver info: org.openqa.selenium.chrome.ChromeDriver
Command: [39f82ffbb533db8a0c2ecb76b86e0ca8, findElement {using=id, value=twotabsearchtextbox}]
Capabilities {acceptInsecureCerts: false, browserName: chrome, browserVersion: 130.0.6723.117, chrome: {chromedriverVersion: 130.0.6723.116 (6ac35f94ae3..., userDataDir: C:\Users\kmyas\AppData\Loca...}, fedcm:accounts: true, goog:chromeOptions: {debuggerAddress: localhost:52979}, networkConnectionEnabled: false, pageLoadStrategy: normal, platformName: windows, proxy: Proxy(), se:cdp: ws://localhost:52979/devtoo..., se:cdpVersion: 130.0.6723.117, setWindowRect: true, strictFileInteractability: false, timeouts: {implicit: 0, pageLoad: 300000, script: 30000}, unhandledPromptBehavior: dismiss and notify, webauthn:extension:credBlob: true, webauthn:extension:largeBlob: true, webauthn:extension:minPinLength: true, webauthn:extension:prf: true, webauthn:virtualAuthenticators: true}
Session ID: 39f82ffbb533db8a0c2ecb76b86e0ca8
at org.openqa.selenium.remote.codec.w3c.W3CHttpResponseCodec.createException(W3CHttpResponseCodec.java:200)
at org.openqa.selenium.remote.codec.w3c.W3CHttpResponseCodec.decode(W3CHttpResponseCodec.java:133)
at org.openqa.selenium.remote.codec.w3c.W3CHttpResponseCodec.decode(W3CHttpResponseCodec.java:52)
at org.openqa.selenium.remote.HttpCommandExecutor.execute(HttpCommandExecutor.java:191)
at org.openqa.selenium.remote.service.DriverCommandExecutor.invokeExecute(DriverCommandExecutor.java:196)
at org.openqa.selenium.remote.service.DriverCommandExecutor.execute(DriverCommandExecutor.java:171)
at org.openqa.selenium.remote.RemoteWebDriver.execute(RemoteWebDriver.java:518)
at org.openqa.selenium.remote.ElementLocation$ElementFinder$2.findElement(ElementLocation.java:165)
at org.openqa.selenium.remote.ElementLocation.findElement(ElementLocation.java:66)
at org.openqa.selenium.remote.RemoteWebDriver.findElement(RemoteWebDriver.java:355)
at org.openqa.selenium.remote.RemoteWebDriver.findElement(RemoteWebDriver.java:349)
at Practice.testng.getProductinfoTest.getProductinfo(getProductinfoTest.java:25)
at java.base/java.util.ArrayList.forEach(ArrayList.java:1511)
... Removed 37 stack frames]]>
    </failure>
  </testcase> <!-- getProductinfo -->
  <testcase classname="Practice.testng.getProductinfoTest" name="getProductinfo" time="36.855">
    <failure type="org.openqa.selenium.NoSuchElementException" message="no such element: Unable to locate element: {&amp;quot;method&amp;quot;:&amp;quot;xpath&amp;quot;,&amp;quot;selector&amp;quot;:&amp;quot;//span[text()=&amp;apos;Apple iPhone 16 (128 GB) - Ultramarine&amp;apos;]/../../../../div[3]/div[1]/div[1]/div[1]/div[1]/div[1]/a/span/span[2]/span[2]&amp;quot;}
  (Session info: chrome=130.0.6723.117)
For documentation on this error, please visit: https://www.selenium.dev/documentation/webdriver/troubleshooting/errors#no-such-element-exception
Build info: version: &amp;apos;4.11.0&amp;apos;, revision: &amp;apos;040bc5406b&amp;apos;
System info: os.name: &amp;apos;Windows 10&amp;apos;, os.arch: &amp;apos;amd64&amp;apos;, os.version: &amp;apos;10.0&amp;apos;, java.version: &amp;apos;17.0.10&amp;apos;
Driver info: org.openqa.selenium.chrome.ChromeDriver
Command: [f7ad2ae9671230110508ac559bdbc6dc, findElement {using=xpath, value=//span[text()=&amp;apos;Apple iPhone 16 (128 GB) - Ultramarine&amp;apos;]/../../../../div[3]/div[1]/div[1]/div[1]/div[1]/div[1]/a/span/span[2]/span[2]}]
Capabilities {acceptInsecureCerts: false, browserName: chrome, browserVersion: 130.0.6723.117, chrome: {chromedriverVersion: 130.0.6723.116 (6ac35f94ae3..., userDataDir: C:\Users\kmyas\AppData\Loca...}, fedcm:accounts: true, goog:chromeOptions: {debuggerAddress: localhost:53002}, networkConnectionEnabled: false, pageLoadStrategy: normal, platformName: windows, proxy: Proxy(), se:cdp: ws://localhost:53002/devtoo..., se:cdpVersion: 130.0.6723.117, setWindowRect: true, strictFileInteractability: false, timeouts: {implicit: 0, pageLoad: 300000, script: 30000}, unhandledPromptBehavior: dismiss and notify, webauthn:extension:credBlob: true, webauthn:extension:largeBlob: true, webauthn:extension:minPinLength: true, webauthn:extension:prf: true, webauthn:virtualAuthenticators: true}
Session ID: f7ad2ae9671230110508ac559bdbc6dc">
      <![CDATA[org.openqa.selenium.NoSuchElementException: no such element: Unable to locate element: {"method":"xpath","selector":"//span[text()='Apple iPhone 16 (128 GB) - Ultramarine']/../../../../div[3]/div[1]/div[1]/div[1]/div[1]/div[1]/a/span/span[2]/span[2]"}
  (Session info: chrome=130.0.6723.117)
For documentation on this error, please visit: https://www.selenium.dev/documentation/webdriver/troubleshooting/errors#no-such-element-exception
Build info: version: '4.11.0', revision: '040bc5406b'
System info: os.name: 'Windows 10', os.arch: 'amd64', os.version: '10.0', java.version: '17.0.10'
Driver info: org.openqa.selenium.chrome.ChromeDriver
Command: [f7ad2ae9671230110508ac559bdbc6dc, findElement {using=xpath, value=//span[text()='Apple iPhone 16 (128 GB) - Ultramarine']/../../../../div[3]/div[1]/div[1]/div[1]/div[1]/div[1]/a/span/span[2]/span[2]}]
Capabilities {acceptInsecureCerts: false, browserName: chrome, browserVersion: 130.0.6723.117, chrome: {chromedriverVersion: 130.0.6723.116 (6ac35f94ae3..., userDataDir: C:\Users\kmyas\AppData\Loca...}, fedcm:accounts: true, goog:chromeOptions: {debuggerAddress: localhost:53002}, networkConnectionEnabled: false, pageLoadStrategy: normal, platformName: windows, proxy: Proxy(), se:cdp: ws://localhost:53002/devtoo..., se:cdpVersion: 130.0.6723.117, setWindowRect: true, strictFileInteractability: false, timeouts: {implicit: 0, pageLoad: 300000, script: 30000}, unhandledPromptBehavior: dismiss and notify, webauthn:extension:credBlob: true, webauthn:extension:largeBlob: true, webauthn:extension:minPinLength: true, webauthn:extension:prf: true, webauthn:virtualAuthenticators: true}
Session ID: f7ad2ae9671230110508ac559bdbc6dc
at org.openqa.selenium.remote.codec.w3c.W3CHttpResponseCodec.createException(W3CHttpResponseCodec.java:200)
at org.openqa.selenium.remote.codec.w3c.W3CHttpResponseCodec.decode(W3CHttpResponseCodec.java:133)
at org.openqa.selenium.remote.codec.w3c.W3CHttpResponseCodec.decode(W3CHttpResponseCodec.java:52)
at org.openqa.selenium.remote.HttpCommandExecutor.execute(HttpCommandExecutor.java:191)
at org.openqa.selenium.remote.service.DriverCommandExecutor.invokeExecute(DriverCommandExecutor.java:196)
at org.openqa.selenium.remote.service.DriverCommandExecutor.execute(DriverCommandExecutor.java:171)
at org.openqa.selenium.remote.RemoteWebDriver.execute(RemoteWebDriver.java:518)
at org.openqa.selenium.remote.ElementLocation$ElementFinder$2.findElement(ElementLocation.java:165)
at org.openqa.selenium.remote.ElementLocation.findElement(ElementLocation.java:59)
at org.openqa.selenium.remote.RemoteWebDriver.findElement(RemoteWebDriver.java:355)
at org.openqa.selenium.remote.RemoteWebDriver.findElement(RemoteWebDriver.java:349)
at Practice.testng.getProductinfoTest.getProductinfo(getProductinfoTest.java:29)
at java.base/java.util.ArrayList.forEach(ArrayList.java:1511)
... Removed 37 stack frames]]>
    </failure>
  </testcase> <!-- getProductinfo -->
  <testcase classname="Practice.testng.InvoiceTest" name="CreateInvoiceTest" time="0.0"/>
  <testcase classname="Practice.testng.OrderTest" name="CreateOrderTest" time="0.0"/>
  <testcase classname="Practice.testng.OrderTest" name="CreateOrderTest_______1" time="0.001"/>
  <testcase classname="Practice.testng.OrderTest" name="CreateOrderTest_______1" time="0.001"/>
  <testcase classname="Practice.testng.OrderTest" name="CreateOrderTest_______1" time="0.0"/>
  <testcase classname="Practice.testng.OrderTest" name="CreateOrderTest_______1" time="0.001"/>
  <testcase classname="Practice.testng.OrderTest" name="CreateOrderTest_______1" time="0.001"/>
  <testcase classname="Practice.testng.OrderTest" name="BillingOrderTest" time="0.0"/>
  <testcase classname="Practice.testng.OrderTest" name="BillingOrderTest___________1" time="0.0"/>
  <testcase classname="REPORTs.IMpleforexample.SampleReportformultipleTCTest" name="CreateContactWith_Org" time="0.12"/>
  <testcase classname="REPORTs.IMpleforexample.SampleReportformultipleTCTest" name="CreateContact_PHoneno" time="0.0"/>
  <testcase classname="REPORTs.IMpleforexample.SampleReportTest" name="CreateContact" time="1.18"/>
  <testcase classname="TaskofVTIGER6TCown.CLiniqScenarioTest" name="DisplayddOptions" time="41.364"/>
  <testcase classname="com.crm.generic.Baseutility.BaseTest" name="@AfterSuite AfterSuite" time="0.0">
    <ignored/>
  </testcase> <!-- @AfterSuite AfterSuite -->
  <testcase classname="com.crm.generic.Baseutility.BaseTest" name="@BeforeSuite BeforeSuite" time="0.0">
    <ignored/>
  </testcase> <!-- @BeforeSuite BeforeSuite -->
</testsuite> <!-- Surefire test -->
